<?xml version="1.0" encoding="UTF-8"?>
<!-- Generated by org.testng.reporters.JUnitReportReporter -->
<testsuite hostname="sparopate-PC" name="com.edureka.testcase.ExecutionTest" tests="1" failures="0" timestamp="14 Feb 2016 04:07:11 GMT" time="66.502" errors="0">
  <testcase name="executeTestScriptReturnTrueIfCompleted" time="66.502" classname="com.edureka.testcase.ExecutionTest"/>
</testsuite> <!-- com.edureka.testcase.ExecutionTest -->
