<?xml version="1.0" encoding="UTF-8"?>
<!-- Generated by org.testng.reporters.JUnitReportReporter -->
<testsuite hostname="sparopate-PC" name="com.edureka.testcase.ExcelTest" tests="3" failures="0" timestamp="14 Feb 2016 04:01:26 GMT" time="1.277" errors="0">
  <testcase name="getTestCaseDataFromExcel" time="0.091" classname="com.edureka.testcase.ExcelTest"/>
  <testcase name="checkSheetIsNotBlank" time="1.100" classname="com.edureka.testcase.ExcelTest"/>
  <testcase name="getConfiguration" time="0.086" classname="com.edureka.testcase.ExcelTest"/>
</testsuite> <!-- com.edureka.testcase.ExcelTest -->
